2018-12-25 14:42:57.134 [ main ] - [ INFO  ] [ com.tf.demo.DemoApplication : 50 ] - Starting DemoApplication on 814-PC with PID 14136 (D:\workspace2\eclipse-workspace\demo\target\classes started by 814 in D:\workspace2\eclipse-workspace\demo)
2018-12-25 14:42:57.141 [ main ] - [ INFO  ] [ com.tf.demo.DemoApplication : 675 ] - No active profile set, falling back to default profiles: default
2018-12-25 14:42:58.478 [ main ] - [ INFO  ] [ o.s.boot.web.embedded.tomcat.TomcatWebServer : 90 ] - Tomcat initialized with port(s): 8098 (http)
2018-12-25 14:42:58.496 [ main ] - [ INFO  ] [ org.apache.coyote.http11.Http11NioProtocol : 173 ] - Initializing ProtocolHandler ["http-nio-8098"]
2018-12-25 14:42:58.504 [ main ] - [ INFO  ] [ org.apache.catalina.core.StandardService : 173 ] - Starting service [Tomcat]
2018-12-25 14:42:58.504 [ main ] - [ INFO  ] [ org.apache.catalina.core.StandardEngine : 173 ] - Starting Servlet Engine: Apache Tomcat/9.0.12
2018-12-25 14:42:58.518 [ main ] - [ INFO  ] [ org.apache.catalina.core.AprLifecycleListener : 173 ] - The APR based Apache Tomcat Native library which allows optimal performance in production environments was not found on the java.library.path: [D:\JDK8_64\bin;C:\Windows\Sun\Java\bin;C:\Windows\system32;C:\Windows;D:/JDK8_64/bin/../jre/bin/server;D:/JDK8_64/bin/../jre/bin;D:/JDK8_64/bin/../jre/lib/amd64;D:\JDK8_64\bin;D:\JDK8_64\jre\bin;C:\Windows\system32;C:\Windows;C:\Windows\System32\Wbem;C:\Windows\System32\WindowsPowerShell\v1.0\;D:\svn\bin;D:\apache-maven-3.5.3\bin;D:\Git\cmd;D:\apache-maven-3.5.3\bin;C:\Program Files\erl10.1\bin;C:\Users\806\AppData\Local\Programs\Python\Python36\Scripts\;C:\Users\806\AppData\Local\Programs\Python\Python36\;D:\Docker Toolbox;C:\Program Files (x86)\CVSNT\;E:\software\eclipse;;.]
2018-12-25 14:42:58.665 [ main ] - [ INFO  ] [ o.a.c.core.ContainerBase.[Tomcat].[localhost].[/] : 173 ] - Initializing Spring embedded WebApplicationContext
2018-12-25 14:42:58.666 [ main ] - [ INFO  ] [ org.springframework.web.context.ContextLoader : 285 ] - Root WebApplicationContext: initialization completed in 1445 ms
2018-12-25 14:42:58.694 [ main ] - [ INFO  ] [ o.s.boot.web.servlet.ServletRegistrationBean : 186 ] - Servlet dispatcherServlet mapped to [/]
2018-12-25 14:42:58.698 [ main ] - [ INFO  ] [ o.s.boot.web.servlet.FilterRegistrationBean : 248 ] - Mapping filter: 'characterEncodingFilter' to: [/*]
2018-12-25 14:42:58.699 [ main ] - [ INFO  ] [ o.s.boot.web.servlet.FilterRegistrationBean : 248 ] - Mapping filter: 'hiddenHttpMethodFilter' to: [/*]
2018-12-25 14:42:58.699 [ main ] - [ INFO  ] [ o.s.boot.web.servlet.FilterRegistrationBean : 248 ] - Mapping filter: 'formContentFilter' to: [/*]
2018-12-25 14:42:58.699 [ main ] - [ INFO  ] [ o.s.boot.web.servlet.FilterRegistrationBean : 248 ] - Mapping filter: 'requestContextFilter' to: [/*]
2018-12-25 14:42:58.930 [ main ] - [ INFO  ] [ o.s.scheduling.concurrent.ThreadPoolTaskExecutor : 171 ] - Initializing ExecutorService 'applicationTaskExecutor'
2018-12-25 14:42:59.070 [ main ] - [ INFO  ] [ org.apache.coyote.http11.Http11NioProtocol : 173 ] - Starting ProtocolHandler ["http-nio-8098"]
2018-12-25 14:42:59.148 [ main ] - [ INFO  ] [ org.apache.tomcat.util.net.NioSelectorPool : 173 ] - Using a shared selector for servlet write/read
2018-12-25 14:42:59.160 [ main ] - [ INFO  ] [ o.s.boot.web.embedded.tomcat.TomcatWebServer : 204 ] - Tomcat started on port(s): 8098 (http) with context path ''
2018-12-25 14:42:59.162 [ main ] - [ INFO  ] [ com.tf.demo.DemoApplication : 59 ] - Started DemoApplication in 2.982 seconds (JVM running for 3.448)
2018-12-25 14:43:56.888 [ main ] - [ INFO  ] [ com.tf.demo.DemoApplication : 50 ] - Starting DemoApplication on 814-PC with PID 13720 (D:\workspace2\eclipse-workspace\demo\target\classes started by 814 in D:\workspace2\eclipse-workspace\demo)
2018-12-25 14:43:56.891 [ main ] - [ INFO  ] [ com.tf.demo.DemoApplication : 675 ] - No active profile set, falling back to default profiles: default
2018-12-25 14:43:58.174 [ main ] - [ INFO  ] [ o.s.boot.web.embedded.tomcat.TomcatWebServer : 90 ] - Tomcat initialized with port(s): 8098 (http)
2018-12-25 14:43:58.188 [ main ] - [ INFO  ] [ org.apache.coyote.http11.Http11NioProtocol : 173 ] - Initializing ProtocolHandler ["http-nio-8098"]
2018-12-25 14:43:58.203 [ main ] - [ INFO  ] [ org.apache.catalina.core.StandardService : 173 ] - Starting service [Tomcat]
2018-12-25 14:43:58.203 [ main ] - [ INFO  ] [ org.apache.catalina.core.StandardEngine : 173 ] - Starting Servlet Engine: Apache Tomcat/9.0.12
2018-12-25 14:43:58.212 [ main ] - [ INFO  ] [ org.apache.catalina.core.AprLifecycleListener : 173 ] - The APR based Apache Tomcat Native library which allows optimal performance in production environments was not found on the java.library.path: [D:\JDK8_64\bin;C:\Windows\Sun\Java\bin;C:\Windows\system32;C:\Windows;D:/JDK8_64/bin/../jre/bin/server;D:/JDK8_64/bin/../jre/bin;D:/JDK8_64/bin/../jre/lib/amd64;D:\JDK8_64\bin;D:\JDK8_64\jre\bin;C:\Windows\system32;C:\Windows;C:\Windows\System32\Wbem;C:\Windows\System32\WindowsPowerShell\v1.0\;D:\svn\bin;D:\apache-maven-3.5.3\bin;D:\Git\cmd;D:\apache-maven-3.5.3\bin;C:\Program Files\erl10.1\bin;C:\Users\806\AppData\Local\Programs\Python\Python36\Scripts\;C:\Users\806\AppData\Local\Programs\Python\Python36\;D:\Docker Toolbox;C:\Program Files (x86)\CVSNT\;E:\software\eclipse;;.]
2018-12-25 14:43:58.286 [ main ] - [ INFO  ] [ o.a.c.core.ContainerBase.[Tomcat].[localhost].[/] : 173 ] - Initializing Spring embedded WebApplicationContext
2018-12-25 14:43:58.286 [ main ] - [ INFO  ] [ org.springframework.web.context.ContextLoader : 285 ] - Root WebApplicationContext: initialization completed in 1350 ms
2018-12-25 14:43:58.305 [ main ] - [ INFO  ] [ o.s.boot.web.servlet.ServletRegistrationBean : 186 ] - Servlet dispatcherServlet mapped to [/]
2018-12-25 14:43:58.308 [ main ] - [ INFO  ] [ o.s.boot.web.servlet.FilterRegistrationBean : 248 ] - Mapping filter: 'characterEncodingFilter' to: [/*]
2018-12-25 14:43:58.309 [ main ] - [ INFO  ] [ o.s.boot.web.servlet.FilterRegistrationBean : 248 ] - Mapping filter: 'hiddenHttpMethodFilter' to: [/*]
2018-12-25 14:43:58.309 [ main ] - [ INFO  ] [ o.s.boot.web.servlet.FilterRegistrationBean : 248 ] - Mapping filter: 'formContentFilter' to: [/*]
2018-12-25 14:43:58.310 [ main ] - [ INFO  ] [ o.s.boot.web.servlet.FilterRegistrationBean : 248 ] - Mapping filter: 'requestContextFilter' to: [/*]
2018-12-25 14:43:58.489 [ main ] - [ INFO  ] [ o.s.scheduling.concurrent.ThreadPoolTaskExecutor : 171 ] - Initializing ExecutorService 'applicationTaskExecutor'
2018-12-25 14:43:58.670 [ main ] - [ INFO  ] [ org.apache.coyote.http11.Http11NioProtocol : 173 ] - Starting ProtocolHandler ["http-nio-8098"]
2018-12-25 14:43:58.748 [ main ] - [ INFO  ] [ org.apache.tomcat.util.net.NioSelectorPool : 173 ] - Using a shared selector for servlet write/read
2018-12-25 14:43:58.774 [ main ] - [ INFO  ] [ o.s.boot.web.embedded.tomcat.TomcatWebServer : 204 ] - Tomcat started on port(s): 8098 (http) with context path ''
2018-12-25 14:43:58.777 [ main ] - [ INFO  ] [ com.tf.demo.DemoApplication : 59 ] - Started DemoApplication in 2.215 seconds (JVM running for 2.518)
2018-12-25 14:44:24.294 [ http-nio-8098-exec-1 ] - [ INFO  ] [ o.a.c.core.ContainerBase.[Tomcat].[localhost].[/] : 173 ] - Initializing Spring DispatcherServlet 'dispatcherServlet'
2018-12-25 14:44:24.294 [ http-nio-8098-exec-1 ] - [ INFO  ] [ org.springframework.web.servlet.DispatcherServlet : 521 ] - Initializing Servlet 'dispatcherServlet'
2018-12-25 14:44:24.330 [ http-nio-8098-exec-1 ] - [ INFO  ] [ org.springframework.web.servlet.DispatcherServlet : 543 ] - Completed initialization in 36 ms
2018-12-25 14:44:24.403 [ http-nio-8098-exec-2 ] - [ INFO  ] [ com.tf.demo.DemoController : 21 ] - test success
2018-12-25 14:45:26.775 [ main ] - [ INFO  ] [ com.tf.demo.DemoApplication : 50 ] - Starting DemoApplication on 814-PC with PID 12808 (D:\workspace2\eclipse-workspace\demo\target\classes started by 814 in D:\workspace2\eclipse-workspace\demo)
2018-12-25 14:45:26.785 [ main ] - [ INFO  ] [ com.tf.demo.DemoApplication : 675 ] - No active profile set, falling back to default profiles: default
2018-12-25 14:45:28.466 [ main ] - [ INFO  ] [ o.s.boot.web.embedded.tomcat.TomcatWebServer : 90 ] - Tomcat initialized with port(s): 8098 (http)
2018-12-25 14:45:28.486 [ main ] - [ INFO  ] [ org.apache.coyote.http11.Http11NioProtocol : 173 ] - Initializing ProtocolHandler ["http-nio-8098"]
2018-12-25 14:45:28.494 [ main ] - [ INFO  ] [ org.apache.catalina.core.StandardService : 173 ] - Starting service [Tomcat]
2018-12-25 14:45:28.495 [ main ] - [ INFO  ] [ org.apache.catalina.core.StandardEngine : 173 ] - Starting Servlet Engine: Apache Tomcat/9.0.12
2018-12-25 14:45:28.508 [ main ] - [ INFO  ] [ org.apache.catalina.core.AprLifecycleListener : 173 ] - The APR based Apache Tomcat Native library which allows optimal performance in production environments was not found on the java.library.path: [D:\JDK8_64\bin;C:\Windows\Sun\Java\bin;C:\Windows\system32;C:\Windows;D:/JDK8_64/bin/../jre/bin/server;D:/JDK8_64/bin/../jre/bin;D:/JDK8_64/bin/../jre/lib/amd64;D:\JDK8_64\bin;D:\JDK8_64\jre\bin;C:\Windows\system32;C:\Windows;C:\Windows\System32\Wbem;C:\Windows\System32\WindowsPowerShell\v1.0\;D:\svn\bin;D:\apache-maven-3.5.3\bin;D:\Git\cmd;D:\apache-maven-3.5.3\bin;C:\Program Files\erl10.1\bin;C:\Users\806\AppData\Local\Programs\Python\Python36\Scripts\;C:\Users\806\AppData\Local\Programs\Python\Python36\;D:\Docker Toolbox;C:\Program Files (x86)\CVSNT\;E:\software\eclipse;;.]
2018-12-25 14:45:28.612 [ main ] - [ INFO  ] [ o.a.c.core.ContainerBase.[Tomcat].[localhost].[/] : 173 ] - Initializing Spring embedded WebApplicationContext
2018-12-25 14:45:28.612 [ main ] - [ INFO  ] [ org.springframework.web.context.ContextLoader : 285 ] - Root WebApplicationContext: initialization completed in 1758 ms
2018-12-25 14:45:28.638 [ main ] - [ INFO  ] [ o.s.boot.web.servlet.ServletRegistrationBean : 186 ] - Servlet dispatcherServlet mapped to [/]
2018-12-25 14:45:28.645 [ main ] - [ INFO  ] [ o.s.boot.web.servlet.FilterRegistrationBean : 248 ] - Mapping filter: 'characterEncodingFilter' to: [/*]
2018-12-25 14:45:28.646 [ main ] - [ INFO  ] [ o.s.boot.web.servlet.FilterRegistrationBean : 248 ] - Mapping filter: 'hiddenHttpMethodFilter' to: [/*]
2018-12-25 14:45:28.646 [ main ] - [ INFO  ] [ o.s.boot.web.servlet.FilterRegistrationBean : 248 ] - Mapping filter: 'formContentFilter' to: [/*]
2018-12-25 14:45:28.646 [ main ] - [ INFO  ] [ o.s.boot.web.servlet.FilterRegistrationBean : 248 ] - Mapping filter: 'requestContextFilter' to: [/*]
2018-12-25 14:45:29.078 [ main ] - [ INFO  ] [ o.s.scheduling.concurrent.ThreadPoolTaskExecutor : 171 ] - Initializing ExecutorService 'applicationTaskExecutor'
2018-12-25 14:45:29.293 [ main ] - [ INFO  ] [ org.apache.coyote.http11.Http11NioProtocol : 173 ] - Starting ProtocolHandler ["http-nio-8098"]
2018-12-25 14:45:29.304 [ main ] - [ INFO  ] [ org.apache.tomcat.util.net.NioSelectorPool : 173 ] - Using a shared selector for servlet write/read
2018-12-25 14:45:29.329 [ main ] - [ INFO  ] [ o.s.boot.web.embedded.tomcat.TomcatWebServer : 204 ] - Tomcat started on port(s): 8098 (http) with context path ''
2018-12-25 14:45:29.355 [ main ] - [ INFO  ] [ com.tf.demo.DemoApplication : 59 ] - Started DemoApplication in 3.457 seconds (JVM running for 4.753)
2018-12-25 14:45:45.859 [ http-nio-8098-exec-2 ] - [ INFO  ] [ o.a.c.core.ContainerBase.[Tomcat].[localhost].[/] : 173 ] - Initializing Spring DispatcherServlet 'dispatcherServlet'
2018-12-25 14:45:45.859 [ http-nio-8098-exec-2 ] - [ INFO  ] [ org.springframework.web.servlet.DispatcherServlet : 521 ] - Initializing Servlet 'dispatcherServlet'
2018-12-25 14:45:45.866 [ http-nio-8098-exec-2 ] - [ INFO  ] [ org.springframework.web.servlet.DispatcherServlet : 543 ] - Completed initialization in 6 ms
2018-12-25 14:45:56.916 [ http-nio-8098-exec-2 ] - [ INFO  ] [ com.tf.demo.DemoController : 21 ] - test success
2018-12-25 14:46:37.254 [ main ] - [ INFO  ] [ com.tf.demo.DemoApplication : 50 ] - Starting DemoApplication on 814-PC with PID 14176 (D:\workspace2\eclipse-workspace\demo\target\classes started by 814 in D:\workspace2\eclipse-workspace\demo)
2018-12-25 14:46:37.275 [ main ] - [ INFO  ] [ com.tf.demo.DemoApplication : 675 ] - No active profile set, falling back to default profiles: default
2018-12-25 14:46:39.061 [ main ] - [ INFO  ] [ o.s.boot.web.embedded.tomcat.TomcatWebServer : 90 ] - Tomcat initialized with port(s): 8098 (http)
2018-12-25 14:46:39.077 [ main ] - [ INFO  ] [ org.apache.coyote.http11.Http11NioProtocol : 173 ] - Initializing ProtocolHandler ["http-nio-8098"]
2018-12-25 14:46:39.085 [ main ] - [ INFO  ] [ org.apache.catalina.core.StandardService : 173 ] - Starting service [Tomcat]
2018-12-25 14:46:39.086 [ main ] - [ INFO  ] [ org.apache.catalina.core.StandardEngine : 173 ] - Starting Servlet Engine: Apache Tomcat/9.0.12
2018-12-25 14:46:39.099 [ main ] - [ INFO  ] [ org.apache.catalina.core.AprLifecycleListener : 173 ] - The APR based Apache Tomcat Native library which allows optimal performance in production environments was not found on the java.library.path: [D:\JDK8_64\bin;C:\Windows\Sun\Java\bin;C:\Windows\system32;C:\Windows;D:/JDK8_64/bin/../jre/bin/server;D:/JDK8_64/bin/../jre/bin;D:/JDK8_64/bin/../jre/lib/amd64;D:\JDK8_64\bin;D:\JDK8_64\jre\bin;C:\Windows\system32;C:\Windows;C:\Windows\System32\Wbem;C:\Windows\System32\WindowsPowerShell\v1.0\;D:\svn\bin;D:\apache-maven-3.5.3\bin;D:\Git\cmd;D:\apache-maven-3.5.3\bin;C:\Program Files\erl10.1\bin;C:\Users\806\AppData\Local\Programs\Python\Python36\Scripts\;C:\Users\806\AppData\Local\Programs\Python\Python36\;D:\Docker Toolbox;C:\Program Files (x86)\CVSNT\;E:\software\eclipse;;.]
2018-12-25 14:46:39.205 [ main ] - [ INFO  ] [ o.a.c.core.ContainerBase.[Tomcat].[localhost].[/] : 173 ] - Initializing Spring embedded WebApplicationContext
2018-12-25 14:46:39.206 [ main ] - [ INFO  ] [ org.springframework.web.context.ContextLoader : 285 ] - Root WebApplicationContext: initialization completed in 1877 ms
2018-12-25 14:46:39.249 [ main ] - [ INFO  ] [ o.s.boot.web.servlet.ServletRegistrationBean : 186 ] - Servlet dispatcherServlet mapped to [/]
2018-12-25 14:46:39.278 [ main ] - [ INFO  ] [ o.s.boot.web.servlet.FilterRegistrationBean : 248 ] - Mapping filter: 'characterEncodingFilter' to: [/*]
2018-12-25 14:46:39.280 [ main ] - [ INFO  ] [ o.s.boot.web.servlet.FilterRegistrationBean : 248 ] - Mapping filter: 'hiddenHttpMethodFilter' to: [/*]
2018-12-25 14:46:39.281 [ main ] - [ INFO  ] [ o.s.boot.web.servlet.FilterRegistrationBean : 248 ] - Mapping filter: 'formContentFilter' to: [/*]
2018-12-25 14:46:39.283 [ main ] - [ INFO  ] [ o.s.boot.web.servlet.FilterRegistrationBean : 248 ] - Mapping filter: 'requestContextFilter' to: [/*]
2018-12-25 14:46:39.657 [ main ] - [ INFO  ] [ o.s.scheduling.concurrent.ThreadPoolTaskExecutor : 171 ] - Initializing ExecutorService 'applicationTaskExecutor'
2018-12-25 14:46:39.832 [ main ] - [ INFO  ] [ org.apache.coyote.http11.Http11NioProtocol : 173 ] - Starting ProtocolHandler ["http-nio-8098"]
2018-12-25 14:46:39.846 [ main ] - [ INFO  ] [ org.apache.tomcat.util.net.NioSelectorPool : 173 ] - Using a shared selector for servlet write/read
2018-12-25 14:46:39.865 [ main ] - [ INFO  ] [ o.s.boot.web.embedded.tomcat.TomcatWebServer : 204 ] - Tomcat started on port(s): 8098 (http) with context path ''
2018-12-25 14:46:39.869 [ main ] - [ INFO  ] [ com.tf.demo.DemoApplication : 59 ] - Started DemoApplication in 3.409 seconds (JVM running for 4.202)
2018-12-25 14:46:41.360 [ http-nio-8098-exec-4 ] - [ INFO  ] [ o.a.c.core.ContainerBase.[Tomcat].[localhost].[/] : 173 ] - Initializing Spring DispatcherServlet 'dispatcherServlet'
2018-12-25 14:46:41.361 [ http-nio-8098-exec-4 ] - [ INFO  ] [ org.springframework.web.servlet.DispatcherServlet : 521 ] - Initializing Servlet 'dispatcherServlet'
2018-12-25 14:46:41.370 [ http-nio-8098-exec-4 ] - [ INFO  ] [ org.springframework.web.servlet.DispatcherServlet : 543 ] - Completed initialization in 9 ms
2018-12-25 14:46:43.519 [ http-nio-8098-exec-4 ] - [ INFO  ] [ com.tf.demo.DemoController : 21 ] - test success
2018-12-25 14:47:26.405 [ main ] - [ INFO  ] [ com.tf.demo.DemoApplicationTests : 50 ] - Starting DemoApplicationTests on 814-PC with PID 11556 (started by 814 in D:\workspace2\eclipse-workspace\demo)
2018-12-25 14:47:26.407 [ main ] - [ INFO  ] [ com.tf.demo.DemoApplicationTests : 675 ] - No active profile set, falling back to default profiles: default
2018-12-25 14:47:27.888 [ main ] - [ INFO  ] [ o.s.scheduling.concurrent.ThreadPoolTaskExecutor : 171 ] - Initializing ExecutorService 'applicationTaskExecutor'
2018-12-25 14:47:28.314 [ main ] - [ INFO  ] [ com.tf.demo.DemoApplicationTests : 59 ] - Started DemoApplicationTests in 2.218 seconds (JVM running for 2.95)
2018-12-25 14:47:28.634 [ Thread-2 ] - [ INFO  ] [ o.s.scheduling.concurrent.ThreadPoolTaskExecutor : 208 ] - Shutting down ExecutorService 'applicationTaskExecutor'
2018-12-25 14:55:35.204 [ main ] - [ INFO  ] [ com.tf.demo.DemoApplicationTests : 50 ] - Starting DemoApplicationTests on 814-PC with PID 13416 (started by 814 in D:\workspace2\eclipse-workspace\demo)
2018-12-25 14:55:35.208 [ main ] - [ INFO  ] [ com.tf.demo.DemoApplicationTests : 675 ] - No active profile set, falling back to default profiles: default
2018-12-25 14:55:37.266 [ main ] - [ INFO  ] [ o.s.scheduling.concurrent.ThreadPoolTaskExecutor : 171 ] - Initializing ExecutorService 'applicationTaskExecutor'
2018-12-25 14:55:37.738 [ main ] - [ INFO  ] [ com.tf.demo.DemoApplicationTests : 59 ] - Started DemoApplicationTests in 3.058 seconds (JVM running for 4.22)
2018-12-25 14:55:38.022 [ Thread-2 ] - [ INFO  ] [ o.s.scheduling.concurrent.ThreadPoolTaskExecutor : 208 ] - Shutting down ExecutorService 'applicationTaskExecutor'
2018-12-25 14:56:36.602 [ main ] - [ INFO  ] [ com.tf.demo.DemoApplication : 50 ] - Starting DemoApplication on 814-PC with PID 13568 (D:\workspace2\eclipse-workspace\demo\target\classes started by 814 in D:\workspace2\eclipse-workspace\demo)
2018-12-25 14:56:36.614 [ main ] - [ INFO  ] [ com.tf.demo.DemoApplication : 675 ] - No active profile set, falling back to default profiles: default
2018-12-25 14:56:38.332 [ main ] - [ INFO  ] [ o.s.boot.web.embedded.tomcat.TomcatWebServer : 90 ] - Tomcat initialized with port(s): 8098 (http)
2018-12-25 14:56:38.352 [ main ] - [ INFO  ] [ org.apache.coyote.http11.Http11NioProtocol : 173 ] - Initializing ProtocolHandler ["http-nio-8098"]
2018-12-25 14:56:38.361 [ main ] - [ INFO  ] [ org.apache.catalina.core.StandardService : 173 ] - Starting service [Tomcat]
2018-12-25 14:56:38.362 [ main ] - [ INFO  ] [ org.apache.catalina.core.StandardEngine : 173 ] - Starting Servlet Engine: Apache Tomcat/9.0.12
2018-12-25 14:56:38.376 [ main ] - [ INFO  ] [ org.apache.catalina.core.AprLifecycleListener : 173 ] - The APR based Apache Tomcat Native library which allows optimal performance in production environments was not found on the java.library.path: [D:\JDK8_64\bin;C:\Windows\Sun\Java\bin;C:\Windows\system32;C:\Windows;D:/JDK8_64/bin/../jre/bin/server;D:/JDK8_64/bin/../jre/bin;D:/JDK8_64/bin/../jre/lib/amd64;D:\JDK8_64\bin;D:\JDK8_64\jre\bin;C:\Windows\system32;C:\Windows;C:\Windows\System32\Wbem;C:\Windows\System32\WindowsPowerShell\v1.0\;D:\svn\bin;D:\apache-maven-3.5.3\bin;D:\Git\cmd;D:\apache-maven-3.5.3\bin;C:\Program Files\erl10.1\bin;C:\Users\806\AppData\Local\Programs\Python\Python36\Scripts\;C:\Users\806\AppData\Local\Programs\Python\Python36\;D:\Docker Toolbox;C:\Program Files (x86)\CVSNT\;E:\software\eclipse;;.]
2018-12-25 14:56:38.487 [ main ] - [ INFO  ] [ o.a.c.core.ContainerBase.[Tomcat].[localhost].[/] : 173 ] - Initializing Spring embedded WebApplicationContext
2018-12-25 14:56:38.488 [ main ] - [ INFO  ] [ org.springframework.web.context.ContextLoader : 285 ] - Root WebApplicationContext: initialization completed in 1728 ms
2018-12-25 14:56:38.519 [ main ] - [ INFO  ] [ o.s.boot.web.servlet.ServletRegistrationBean : 186 ] - Servlet dispatcherServlet mapped to [/]
2018-12-25 14:56:38.524 [ main ] - [ INFO  ] [ o.s.boot.web.servlet.FilterRegistrationBean : 248 ] - Mapping filter: 'characterEncodingFilter' to: [/*]
2018-12-25 14:56:38.524 [ main ] - [ INFO  ] [ o.s.boot.web.servlet.FilterRegistrationBean : 248 ] - Mapping filter: 'hiddenHttpMethodFilter' to: [/*]
2018-12-25 14:56:38.525 [ main ] - [ INFO  ] [ o.s.boot.web.servlet.FilterRegistrationBean : 248 ] - Mapping filter: 'formContentFilter' to: [/*]
2018-12-25 14:56:38.525 [ main ] - [ INFO  ] [ o.s.boot.web.servlet.FilterRegistrationBean : 248 ] - Mapping filter: 'requestContextFilter' to: [/*]
2018-12-25 14:56:38.980 [ main ] - [ INFO  ] [ o.s.scheduling.concurrent.ThreadPoolTaskExecutor : 171 ] - Initializing ExecutorService 'applicationTaskExecutor'
2018-12-25 14:56:39.194 [ main ] - [ INFO  ] [ org.apache.coyote.http11.Http11NioProtocol : 173 ] - Starting ProtocolHandler ["http-nio-8098"]
2018-12-25 14:56:39.211 [ main ] - [ INFO  ] [ org.apache.tomcat.util.net.NioSelectorPool : 173 ] - Using a shared selector for servlet write/read
2018-12-25 14:56:39.262 [ main ] - [ INFO  ] [ o.s.boot.web.embedded.tomcat.TomcatWebServer : 204 ] - Tomcat started on port(s): 8098 (http) with context path ''
2018-12-25 14:56:39.273 [ main ] - [ INFO  ] [ com.tf.demo.DemoApplication : 59 ] - Started DemoApplication in 3.343 seconds (JVM running for 4.011)
2018-12-25 14:56:45.469 [ http-nio-8098-exec-4 ] - [ INFO  ] [ o.a.c.core.ContainerBase.[Tomcat].[localhost].[/] : 173 ] - Initializing Spring DispatcherServlet 'dispatcherServlet'
2018-12-25 14:56:45.470 [ http-nio-8098-exec-4 ] - [ INFO  ] [ org.springframework.web.servlet.DispatcherServlet : 521 ] - Initializing Servlet 'dispatcherServlet'
2018-12-25 14:56:45.480 [ http-nio-8098-exec-4 ] - [ INFO  ] [ org.springframework.web.servlet.DispatcherServlet : 543 ] - Completed initialization in 10 ms
2018-12-25 15:05:48.025 [ main ] - [ INFO  ] [ com.tf.demo.DemoApplication : 50 ] - Starting DemoApplication on 814-PC with PID 12832 (D:\workspace2\eclipse-workspace\demo\target\classes started by 814 in D:\workspace2\eclipse-workspace\demo)
2018-12-25 15:05:48.047 [ main ] - [ INFO  ] [ com.tf.demo.DemoApplication : 675 ] - No active profile set, falling back to default profiles: default
2018-12-25 15:05:49.944 [ main ] - [ INFO  ] [ o.s.boot.web.embedded.tomcat.TomcatWebServer : 90 ] - Tomcat initialized with port(s): 8098 (http)
2018-12-25 15:05:49.973 [ main ] - [ INFO  ] [ org.apache.coyote.http11.Http11NioProtocol : 173 ] - Initializing ProtocolHandler ["http-nio-8098"]
2018-12-25 15:05:49.981 [ main ] - [ INFO  ] [ org.apache.catalina.core.StandardService : 173 ] - Starting service [Tomcat]
2018-12-25 15:05:49.981 [ main ] - [ INFO  ] [ org.apache.catalina.core.StandardEngine : 173 ] - Starting Servlet Engine: Apache Tomcat/9.0.12
2018-12-25 15:05:49.997 [ main ] - [ INFO  ] [ org.apache.catalina.core.AprLifecycleListener : 173 ] - The APR based Apache Tomcat Native library which allows optimal performance in production environments was not found on the java.library.path: [D:\JDK8_64\bin;C:\Windows\Sun\Java\bin;C:\Windows\system32;C:\Windows;D:/JDK8_64/bin/../jre/bin/server;D:/JDK8_64/bin/../jre/bin;D:/JDK8_64/bin/../jre/lib/amd64;D:\JDK8_64\bin;D:\JDK8_64\jre\bin;C:\Windows\system32;C:\Windows;C:\Windows\System32\Wbem;C:\Windows\System32\WindowsPowerShell\v1.0\;D:\svn\bin;D:\apache-maven-3.5.3\bin;D:\Git\cmd;D:\apache-maven-3.5.3\bin;C:\Program Files\erl10.1\bin;C:\Users\806\AppData\Local\Programs\Python\Python36\Scripts\;C:\Users\806\AppData\Local\Programs\Python\Python36\;D:\Docker Toolbox;C:\Program Files (x86)\CVSNT\;E:\software\eclipse;;.]
2018-12-25 15:05:50.101 [ main ] - [ INFO  ] [ o.a.c.core.ContainerBase.[Tomcat].[localhost].[/] : 173 ] - Initializing Spring embedded WebApplicationContext
2018-12-25 15:05:50.102 [ main ] - [ INFO  ] [ org.springframework.web.context.ContextLoader : 285 ] - Root WebApplicationContext: initialization completed in 2004 ms
2018-12-25 15:05:50.130 [ main ] - [ INFO  ] [ o.s.boot.web.servlet.ServletRegistrationBean : 186 ] - Servlet dispatcherServlet mapped to [/]
2018-12-25 15:05:50.134 [ main ] - [ INFO  ] [ o.s.boot.web.servlet.FilterRegistrationBean : 248 ] - Mapping filter: 'characterEncodingFilter' to: [/*]
2018-12-25 15:05:50.135 [ main ] - [ INFO  ] [ o.s.boot.web.servlet.FilterRegistrationBean : 248 ] - Mapping filter: 'hiddenHttpMethodFilter' to: [/*]
2018-12-25 15:05:50.135 [ main ] - [ INFO  ] [ o.s.boot.web.servlet.FilterRegistrationBean : 248 ] - Mapping filter: 'formContentFilter' to: [/*]
2018-12-25 15:05:50.136 [ main ] - [ INFO  ] [ o.s.boot.web.servlet.FilterRegistrationBean : 248 ] - Mapping filter: 'requestContextFilter' to: [/*]
2018-12-25 15:05:50.460 [ main ] - [ INFO  ] [ o.s.scheduling.concurrent.ThreadPoolTaskExecutor : 171 ] - Initializing ExecutorService 'applicationTaskExecutor'
2018-12-25 15:05:50.654 [ main ] - [ INFO  ] [ org.apache.coyote.http11.Http11NioProtocol : 173 ] - Starting ProtocolHandler ["http-nio-8098"]
2018-12-25 15:05:50.672 [ main ] - [ INFO  ] [ org.apache.tomcat.util.net.NioSelectorPool : 173 ] - Using a shared selector for servlet write/read
2018-12-25 15:05:50.708 [ main ] - [ INFO  ] [ o.s.boot.web.embedded.tomcat.TomcatWebServer : 204 ] - Tomcat started on port(s): 8098 (http) with context path ''
2018-12-25 15:05:50.712 [ main ] - [ INFO  ] [ com.tf.demo.DemoApplication : 59 ] - Started DemoApplication in 3.298 seconds (JVM running for 4.047)
2018-12-25 15:05:52.117 [ http-nio-8098-exec-4 ] - [ INFO  ] [ o.a.c.core.ContainerBase.[Tomcat].[localhost].[/] : 173 ] - Initializing Spring DispatcherServlet 'dispatcherServlet'
2018-12-25 15:05:52.117 [ http-nio-8098-exec-4 ] - [ INFO  ] [ org.springframework.web.servlet.DispatcherServlet : 521 ] - Initializing Servlet 'dispatcherServlet'
2018-12-25 15:05:52.127 [ http-nio-8098-exec-4 ] - [ INFO  ] [ org.springframework.web.servlet.DispatcherServlet : 543 ] - Completed initialization in 9 ms
2018-12-25 15:08:28.893 [ main ] - [ INFO  ] [ com.tf.demo.DemoApplication : 50 ] - Starting DemoApplication on 814-PC with PID 13908 (D:\workspace2\eclipse-workspace\demo\target\classes started by 814 in D:\workspace2\eclipse-workspace\demo)
2018-12-25 15:08:28.906 [ main ] - [ INFO  ] [ com.tf.demo.DemoApplication : 675 ] - No active profile set, falling back to default profiles: default
2018-12-25 15:08:30.841 [ main ] - [ INFO  ] [ o.s.boot.web.embedded.tomcat.TomcatWebServer : 90 ] - Tomcat initialized with port(s): 8098 (http)
2018-12-25 15:08:30.860 [ main ] - [ INFO  ] [ org.apache.coyote.http11.Http11NioProtocol : 173 ] - Initializing ProtocolHandler ["http-nio-8098"]
2018-12-25 15:08:30.871 [ main ] - [ INFO  ] [ org.apache.catalina.core.StandardService : 173 ] - Starting service [Tomcat]
2018-12-25 15:08:30.872 [ main ] - [ INFO  ] [ org.apache.catalina.core.StandardEngine : 173 ] - Starting Servlet Engine: Apache Tomcat/9.0.12
2018-12-25 15:08:30.886 [ main ] - [ INFO  ] [ org.apache.catalina.core.AprLifecycleListener : 173 ] - The APR based Apache Tomcat Native library which allows optimal performance in production environments was not found on the java.library.path: [D:\JDK8_64\bin;C:\Windows\Sun\Java\bin;C:\Windows\system32;C:\Windows;D:/JDK8_64/bin/../jre/bin/server;D:/JDK8_64/bin/../jre/bin;D:/JDK8_64/bin/../jre/lib/amd64;D:\JDK8_64\bin;D:\JDK8_64\jre\bin;C:\Windows\system32;C:\Windows;C:\Windows\System32\Wbem;C:\Windows\System32\WindowsPowerShell\v1.0\;D:\svn\bin;D:\apache-maven-3.5.3\bin;D:\Git\cmd;D:\apache-maven-3.5.3\bin;C:\Program Files\erl10.1\bin;C:\Users\806\AppData\Local\Programs\Python\Python36\Scripts\;C:\Users\806\AppData\Local\Programs\Python\Python36\;D:\Docker Toolbox;C:\Program Files (x86)\CVSNT\;E:\software\eclipse;;.]
2018-12-25 15:08:31.008 [ main ] - [ INFO  ] [ o.a.c.core.ContainerBase.[Tomcat].[localhost].[/] : 173 ] - Initializing Spring embedded WebApplicationContext
2018-12-25 15:08:31.009 [ main ] - [ INFO  ] [ org.springframework.web.context.ContextLoader : 285 ] - Root WebApplicationContext: initialization completed in 1868 ms
2018-12-25 15:08:31.053 [ main ] - [ INFO  ] [ o.s.boot.web.servlet.ServletRegistrationBean : 186 ] - Servlet dispatcherServlet mapped to [/]
2018-12-25 15:08:31.061 [ main ] - [ INFO  ] [ o.s.boot.web.servlet.FilterRegistrationBean : 248 ] - Mapping filter: 'characterEncodingFilter' to: [/*]
2018-12-25 15:08:31.062 [ main ] - [ INFO  ] [ o.s.boot.web.servlet.FilterRegistrationBean : 248 ] - Mapping filter: 'hiddenHttpMethodFilter' to: [/*]
2018-12-25 15:08:31.063 [ main ] - [ INFO  ] [ o.s.boot.web.servlet.FilterRegistrationBean : 248 ] - Mapping filter: 'formContentFilter' to: [/*]
2018-12-25 15:08:31.063 [ main ] - [ INFO  ] [ o.s.boot.web.servlet.FilterRegistrationBean : 248 ] - Mapping filter: 'requestContextFilter' to: [/*]
2018-12-25 15:08:31.392 [ main ] - [ INFO  ] [ o.s.scheduling.concurrent.ThreadPoolTaskExecutor : 171 ] - Initializing ExecutorService 'applicationTaskExecutor'
2018-12-25 15:08:31.689 [ main ] - [ INFO  ] [ org.apache.coyote.http11.Http11NioProtocol : 173 ] - Starting ProtocolHandler ["http-nio-8098"]
2018-12-25 15:08:31.700 [ main ] - [ INFO  ] [ org.apache.tomcat.util.net.NioSelectorPool : 173 ] - Using a shared selector for servlet write/read
2018-12-25 15:08:31.720 [ main ] - [ INFO  ] [ o.s.boot.web.embedded.tomcat.TomcatWebServer : 204 ] - Tomcat started on port(s): 8098 (http) with context path ''
2018-12-25 15:08:31.726 [ main ] - [ INFO  ] [ com.tf.demo.DemoApplication : 59 ] - Started DemoApplication in 3.517 seconds (JVM running for 4.189)
2018-12-25 15:08:32.890 [ http-nio-8098-exec-1 ] - [ INFO  ] [ o.a.c.core.ContainerBase.[Tomcat].[localhost].[/] : 173 ] - Initializing Spring DispatcherServlet 'dispatcherServlet'
2018-12-25 15:08:32.891 [ http-nio-8098-exec-1 ] - [ INFO  ] [ org.springframework.web.servlet.DispatcherServlet : 521 ] - Initializing Servlet 'dispatcherServlet'
2018-12-25 15:08:32.904 [ http-nio-8098-exec-1 ] - [ INFO  ] [ org.springframework.web.servlet.DispatcherServlet : 543 ] - Completed initialization in 13 ms
